<?xml version="1.0" encoding="UTF-8"?>
<testng-results ignored="0" total="2" passed="2" failed="0" skipped="0">
  <reporter-output>
  </reporter-output>
  <suite started-at="2023-01-11T21:04:10 IST" name="Default suite" finished-at="2023-01-11T21:04:25 IST" duration-ms="15542">
    <groups>
    </groups>
    <test started-at="2023-01-11T21:04:10 IST" name="Default test" finished-at="2023-01-11T21:04:25 IST" duration-ms="15542">
      <class name="org.getText.GetText">
        <test-method is-config="true" signature="browserlaunch()[pri:0, instance:org.getText.GetText@1a18644]" started-at="2023-01-11T21:04:10 IST" name="browserlaunch" finished-at="2023-01-11T21:04:16 IST" duration-ms="6122" status="PASS">
          <reporter-output>
          </reporter-output>
        </test-method> <!-- browserlaunch -->
        <test-method signature="getText()[pri:0, instance:org.getText.GetText@1a18644]" started-at="2023-01-11T21:04:16 IST" name="getText" finished-at="2023-01-11T21:04:20 IST" duration-ms="3755" status="PASS">
          <reporter-output>
          </reporter-output>
        </test-method> <!-- getText -->
        <test-method is-config="true" signature="browserlaunch()[pri:0, instance:org.getText.GetText@1a18644]" started-at="2023-01-11T21:04:20 IST" name="browserlaunch" finished-at="2023-01-11T21:04:21 IST" duration-ms="1627" status="PASS">
          <reporter-output>
          </reporter-output>
        </test-method> <!-- browserlaunch -->
        <test-method signature="listGetText()[pri:1, instance:org.getText.GetText@1a18644]" started-at="2023-01-11T21:04:21 IST" name="listGetText" finished-at="2023-01-11T21:04:25 IST" duration-ms="3943" status="PASS">
          <reporter-output>
          </reporter-output>
        </test-method> <!-- listGetText -->
      </class> <!-- org.getText.GetText -->
    </test> <!-- Default test -->
  </suite> <!-- Default suite -->
</testng-results>
